Release 14.6 Map P.68d (nt64)
Xilinx Mapping Report File for Design 'labkit'

Design Information
------------------
Command Line   : map -intstyle ise -p xc6slx16-csg324-3 -w -logic_opt off -ol
high -t 1 -xt 0 -register_duplication off -r 4 -global_opt off -mt off -ir off
-pr off -lc off -power off -o labkit_map.ncd labkit.ngd labkit.pcf 
Target Device  : xc6slx16
Target Package : csg324
Target Speed   : -3
Mapper Version : spartan6 -- $Revision: 1.55 $
Mapped Date    : Fri Nov 09 13:16:56 2018

Design Summary
--------------
Number of errors:      0
Number of warnings:    0
Slice Logic Utilization:
  Number of Slice Registers:                   311 out of  18,224    1%
    Number used as Flip Flops:                 311
    Number used as Latches:                      0
    Number used as Latch-thrus:                  0
    Number used as AND/OR logics:                0
  Number of Slice LUTs:                        468 out of   9,112    5%
    Number used as logic:                      450 out of   9,112    4%
      Number using O6 output only:             113
      Number using O5 output only:             214
      Number using O5 and O6:                  123
      Number used as ROM:                        0
    Number used as Memory:                       5 out of   2,176    1%
      Number used as Dual Port RAM:              0
      Number used as Single Port RAM:            0
      Number used as Shift Register:             5
        Number using O6 output only:             1
        Number using O5 output only:             0
        Number using O5 and O6:                  4
    Number used exclusively as route-thrus:     13
      Number with same-slice register load:      0
      Number with same-slice carry load:        13
      Number with other load:                    0

Slice Logic Distribution:
  Number of occupied Slices:                   156 out of   2,278    6%
  Number of MUXCYs used:                       312 out of   4,556    6%
  Number of LUT Flip Flop pairs used:          472
    Number with an unused Flip Flop:           216 out of     472   45%
    Number with an unused LUT:                   4 out of     472    1%
    Number of fully used LUT-FF pairs:         252 out of     472   53%
    Number of unique control sets:              17
    Number of slice register sites lost
      to control set restrictions:              80 out of  18,224    1%

  A LUT Flip Flop pair for this architecture represents one LUT paired with
  one Flip Flop within a slice.  A control set is a unique combination of
  clock, reset, set, and enable signals for a registered element.
  The Slice Logic Distribution report is not meaningful if the design is
  over-mapped for a non-slice resource or if Placement fails.

IO Utilization:
  Number of bonded IOBs:                       116 out of     232   50%
    Number of LOCed IOBs:                      116 out of     116  100%

Specific Feature Utilization:
  Number of RAMB16BWERs:                         0 out of      32    0%
  Number of RAMB8BWERs:                          0 out of      64    0%
  Number of BUFIO2/BUFIO2_2CLKs:                 1 out of      32    3%
    Number used as BUFIO2s:                      1
    Number used as BUFIO2_2CLKs:                 0
  Number of BUFIO2FB/BUFIO2FB_2CLKs:             1 out of      32    3%
    Number used as BUFIO2FBs:                    1
    Number used as BUFIO2FB_2CLKs:               0
  Number of BUFG/BUFGMUXs:                       2 out of      16   12%
    Number used as BUFGs:                        2
    Number used as BUFGMUX:                      0
  Number of DCM/DCM_CLKGENs:                     1 out of       4   25%
    Number used as DCMs:                         1
    Number used as DCM_CLKGENs:                  0
  Number of ILOGIC2/ISERDES2s:                   0 out of     248    0%
  Number of IODELAY2/IODRP2/IODRP2_MCBs:         0 out of     248    0%
  Number of OLOGIC2/OSERDES2s:                   0 out of     248    0%
  Number of BSCANs:                              0 out of       4    0%
  Number of BUFHs:                               0 out of     128    0%
  Number of BUFPLLs:                             0 out of       8    0%
  Number of BUFPLL_MCBs:                         0 out of       4    0%
  Number of DSP48A1s:                            0 out of      32    0%
  Number of ICAPs:                               0 out of       1    0%
  Number of MCBs:                                0 out of       2    0%
  Number of PCILOGICSEs:                         0 out of       2    0%
  Number of PLL_ADVs:                            0 out of       2    0%
  Number of PMVs:                                0 out of       1    0%
  Number of STARTUPs:                            0 out of       1    0%
  Number of SUSPEND_SYNCs:                       0 out of       1    0%

Average Fanout of Non-Clock Nets:                2.38

Peak Memory Usage:  4562 MB
Total REAL time to MAP completion:  9 secs 
Total CPU time to MAP completion:   9 secs 

Table of Contents
-----------------
Section 1 - Errors
Section 2 - Warnings
Section 3 - Informational
Section 4 - Removed Logic Summary
Section 5 - Removed Logic
Section 6 - IOB Properties
Section 7 - RPMs
Section 8 - Guide Report
Section 9 - Area Group and Partition Summary
Section 10 - Timing Report
Section 11 - Configuration String Information
Section 12 - Control Set Information
Section 13 - Utilization by Hierarchy

Section 1 - Errors
------------------

Section 2 - Warnings
--------------------

Section 3 - Informational
-------------------------
INFO:LIT:243 - Logical network jd<7>_IBUF has no load.
INFO:LIT:395 - The above info message is repeated 65 more times for the
   following (max. 5 shown):
   jd<6>_IBUF,
   jd<5>_IBUF,
   jd<4>_IBUF,
   jd<3>_IBUF,
   jd<2>_IBUF
   To see the details of these info messages, please use the -detail switch.
INFO:MapLib:562 - No environment variables are currently set.
INFO:LIT:244 - All of the single ended outputs in this design are using slew
   rate limited output drivers. The delay on speed critical single ended outputs
   can be dramatically reduced by designating them as fast outputs.
INFO:Pack:1716 - Initializing temperature to 85.000 Celsius. (default - Range:
   0.000 to 85.000 Celsius)
INFO:Pack:1720 - Initializing voltage to 1.140 Volts. (default - Range: 1.140 to
   1.260 Volts)
INFO:Map:215 - The Interim Design Summary has been generated in the MAP Report
   (.mrp).
INFO:Pack:1650 - Map created a placed design.
INFO:PhysDesignRules:1861 - To achieve optimal frequency synthesis performance
   with the CLKFX and CLKFX180 outputs of the DCM comp my_clocks/DCM_inst,
   consult the device Data Sheet.

Section 4 - Removed Logic Summary
---------------------------------
   3 block(s) optimized away

Section 5 - Removed Logic
-------------------------

Optimized Block(s):
TYPE 		BLOCK
GND 		XST_GND
VCC 		XST_VCC

To enable printing of redundant blocks removed and signals merged, set the
detailed map report option and rerun map.

Section 6 - IOB Properties
--------------------------

+---------------------------------------------------------------------------------------------------------------------------------------------------------+
| IOB Name                           | Type             | Direction | IO Standard          | Diff  | Drive    | Slew | Reg (s)      | Resistor | IOB      |
|                                    |                  |           |                      | Term  | Strength | Rate |              |          | Delay    |
+---------------------------------------------------------------------------------------------------------------------------------------------------------+
| btn_down                           | IOB              | INPUT     | LVCMOS33             |       |          |      |              |          |          |
| btn_enter                          | IOB              | INPUT     | LVCMOS33             |       |          |      |              |          |          |
| btn_left                           | IOB              | INPUT     | LVCMOS33             |       |          |      |              |          |          |
| btn_right                          | IOB              | INPUT     | LVCMOS33             |       |          |      |              |          |          |
| btn_up                             | IOB              | INPUT     | LVCMOS33             |       |          |      |              |          |          |
| clk_100mhz                         | IOB              | INPUT     | LVCMOS33             |       |          |      |              |          |          |
| dig<0>                             | IOB              | OUTPUT    | LVCMOS33             |       | 12       | SLOW |              |          |          |
| dig<1>                             | IOB              | OUTPUT    | LVCMOS33             |       | 12       | SLOW |              |          |          |
| dig<2>                             | IOB              | OUTPUT    | LVCMOS33             |       | 12       | SLOW |              |          |          |
| dig<3>                             | IOB              | OUTPUT    | LVCMOS33             |       | 12       | SLOW |              |          |          |
| exp_io_n<0>                        | IOB              | INPUT     | LVCMOS33             |       |          |      |              |          |          |
| exp_io_n<1>                        | IOB              | INPUT     | LVCMOS33             |       |          |      |              |          |          |
| exp_io_n<2>                        | IOB              | INPUT     | LVCMOS33             |       |          |      |              |          |          |
| exp_io_n<3>                        | IOB              | INPUT     | LVCMOS33             |       |          |      |              |          |          |
| exp_io_n<4>                        | IOB              | INPUT     | LVCMOS33             |       |          |      |              |          |          |
| exp_io_n<5>                        | IOB              | INPUT     | LVCMOS33             |       |          |      |              |          |          |
| exp_io_n<6>                        | IOB              | INPUT     | LVCMOS33             |       |          |      |              |          |          |
| exp_io_n<7>                        | IOB              | INPUT     | LVCMOS33             |       |          |      |              |          |          |
| exp_io_n<8>                        | IOB              | INPUT     | LVCMOS33             |       |          |      |              |          |          |
| exp_io_n<9>                        | IOB              | INPUT     | LVCMOS33             |       |          |      |              |          |          |
| exp_io_n<10>                       | IOB              | INPUT     | LVCMOS33             |       |          |      |              |          |          |
| exp_io_n<11>                       | IOB              | INPUT     | LVCMOS33             |       |          |      |              |          |          |
| exp_io_n<12>                       | IOB              | INPUT     | LVCMOS33             |       |          |      |              |          |          |
| exp_io_n<13>                       | IOB              | INPUT     | LVCMOS33             |       |          |      |              |          |          |
| exp_io_n<14>                       | IOB              | INPUT     | LVCMOS33             |       |          |      |              |          |          |
| exp_io_n<15>                       | IOB              | INPUT     | LVCMOS33             |       |          |      |              |          |          |
| exp_io_n<16>                       | IOB              | INPUT     | LVCMOS33             |       |          |      |              |          |          |
| exp_io_n<17>                       | IOB              | INPUT     | LVCMOS33             |       |          |      |              |          |          |
| exp_io_n<18>                       | IOB              | INPUT     | LVCMOS33             |       |          |      |              |          |          |
| exp_io_n<19>                       | IOB              | INPUT     | LVCMOS33             |       |          |      |              |          |          |
| exp_io_p<0>                        | IOB              | INPUT     | LVCMOS33             |       |          |      |              |          |          |
| exp_io_p<1>                        | IOB              | INPUT     | LVCMOS33             |       |          |      |              |          |          |
| exp_io_p<2>                        | IOB              | INPUT     | LVCMOS33             |       |          |      |              |          |          |
| exp_io_p<3>                        | IOB              | INPUT     | LVCMOS33             |       |          |      |              |          |          |
| exp_io_p<4>                        | IOB              | INPUT     | LVCMOS33             |       |          |      |              |          |          |
| exp_io_p<5>                        | IOB              | INPUT     | LVCMOS33             |       |          |      |              |          |          |
| exp_io_p<6>                        | IOB              | INPUT     | LVCMOS33             |       |          |      |              |          |          |
| exp_io_p<7>                        | IOB              | INPUT     | LVCMOS33             |       |          |      |              |          |          |
| exp_io_p<8>                        | IOB              | INPUT     | LVCMOS33             |       |          |      |              |          |          |
| exp_io_p<9>                        | IOB              | INPUT     | LVCMOS33             |       |          |      |              |          |          |
| exp_io_p<10>                       | IOB              | INPUT     | LVCMOS33             |       |          |      |              |          |          |
| exp_io_p<11>                       | IOB              | INPUT     | LVCMOS33             |       |          |      |              |          |          |
| exp_io_p<12>                       | IOB              | INPUT     | LVCMOS33             |       |          |      |              |          |          |
| exp_io_p<13>                       | IOB              | INPUT     | LVCMOS33             |       |          |      |              |          |          |
| exp_io_p<14>                       | IOB              | INPUT     | LVCMOS33             |       |          |      |              |          |          |
| exp_io_p<15>                       | IOB              | INPUT     | LVCMOS33             |       |          |      |              |          |          |
| exp_io_p<16>                       | IOB              | INPUT     | LVCMOS33             |       |          |      |              |          |          |
| exp_io_p<17>                       | IOB              | INPUT     | LVCMOS33             |       |          |      |              |          |          |
| exp_io_p<18>                       | IOB              | INPUT     | LVCMOS33             |       |          |      |              |          |          |
| exp_io_p<19>                       | IOB              | INPUT     | LVCMOS33             |       |          |      |              |          |          |
| hsync                              | IOB              | OUTPUT    | LVCMOS33             |       | 12       | SLOW |              |          |          |
| ja<0>                              | IOB              | OUTPUT    | LVCMOS33             |       | 12       | SLOW |              |          |          |
| ja<1>                              | IOB              | OUTPUT    | LVCMOS33             |       | 12       | SLOW |              |          |          |
| ja<2>                              | IOB              | OUTPUT    | LVCMOS33             |       | 12       | SLOW |              |          |          |
| ja<3>                              | IOB              | OUTPUT    | LVCMOS33             |       | 12       | SLOW |              |          |          |
| ja<4>                              | IOB              | OUTPUT    | LVCMOS33             |       | 12       | SLOW |              |          |          |
| ja<5>                              | IOB              | OUTPUT    | LVCMOS33             |       | 12       | SLOW |              |          |          |
| ja<6>                              | IOB              | INPUT     | LVCMOS33             |       |          |      |              |          |          |
| ja<7>                              | IOB              | INPUT     | LVCMOS33             |       |          |      |              |          |          |
| jb<0>                              | IOB              | INPUT     | LVCMOS33             |       |          |      |              |          |          |
| jb<1>                              | IOB              | INPUT     | LVCMOS33             |       |          |      |              |          |          |
| jb<2>                              | IOB              | INPUT     | LVCMOS33             |       |          |      |              |          |          |
| jb<3>                              | IOB              | INPUT     | LVCMOS33             |       |          |      |              |          |          |
| jb<4>                              | IOB              | INPUT     | LVCMOS33             |       |          |      |              |          |          |
| jb<5>                              | IOB              | INPUT     | LVCMOS33             |       |          |      |              |          |          |
| jb<6>                              | IOB              | INPUT     | LVCMOS33             |       |          |      |              |          |          |
| jb<7>                              | IOB              | INPUT     | LVCMOS33             |       |          |      |              |          |          |
| jc<0>                              | IOB              | INPUT     | LVCMOS33             |       |          |      |              |          |          |
| jc<1>                              | IOB              | INPUT     | LVCMOS33             |       |          |      |              |          |          |
| jc<2>                              | IOB              | INPUT     | LVCMOS33             |       |          |      |              |          |          |
| jc<3>                              | IOB              | INPUT     | LVCMOS33             |       |          |      |              |          |          |
| jc<4>                              | IOB              | INPUT     | LVCMOS33             |       |          |      |              |          |          |
| jc<5>                              | IOB              | INPUT     | LVCMOS33             |       |          |      |              |          |          |
| jc<6>                              | IOB              | INPUT     | LVCMOS33             |       |          |      |              |          |          |
| jc<7>                              | IOB              | INPUT     | LVCMOS33             |       |          |      |              |          |          |
| jd<0>                              | IOB              | INPUT     | LVCMOS33             |       |          |      |              |          |          |
| jd<1>                              | IOB              | INPUT     | LVCMOS33             |       |          |      |              |          |          |
| jd<2>                              | IOB              | INPUT     | LVCMOS33             |       |          |      |              |          |          |
| jd<3>                              | IOB              | INPUT     | LVCMOS33             |       |          |      |              |          |          |
| jd<4>                              | IOB              | INPUT     | LVCMOS33             |       |          |      |              |          |          |
| jd<5>                              | IOB              | INPUT     | LVCMOS33             |       |          |      |              |          |          |
| jd<6>                              | IOB              | INPUT     | LVCMOS33             |       |          |      |              |          |          |
| jd<7>                              | IOB              | INPUT     | LVCMOS33             |       |          |      |              |          |          |
| led<0>                             | IOB              | OUTPUT    | LVCMOS33             |       | 12       | SLOW |              |          |          |
| led<1>                             | IOB              | OUTPUT    | LVCMOS33             |       | 12       | SLOW |              |          |          |
| led<2>                             | IOB              | OUTPUT    | LVCMOS33             |       | 12       | SLOW |              |          |          |
| led<3>                             | IOB              | OUTPUT    | LVCMOS33             |       | 12       | SLOW |              |          |          |
| led<4>                             | IOB              | OUTPUT    | LVCMOS33             |       | 12       | SLOW |              |          |          |
| led<5>                             | IOB              | OUTPUT    | LVCMOS33             |       | 12       | SLOW |              |          |          |
| led<6>                             | IOB              | OUTPUT    | LVCMOS33             |       | 12       | SLOW |              |          |          |
| led<7>                             | IOB              | OUTPUT    | LVCMOS33             |       | 12       | SLOW |              |          |          |
| seg<0>                             | IOB              | OUTPUT    | LVCMOS33             |       | 12       | SLOW |              |          |          |
| seg<1>                             | IOB              | OUTPUT    | LVCMOS33             |       | 12       | SLOW |              |          |          |
| seg<2>                             | IOB              | OUTPUT    | LVCMOS33             |       | 12       | SLOW |              |          |          |
| seg<3>                             | IOB              | OUTPUT    | LVCMOS33             |       | 12       | SLOW |              |          |          |
| seg<4>                             | IOB              | OUTPUT    | LVCMOS33             |       | 12       | SLOW |              |          |          |
| seg<5>                             | IOB              | OUTPUT    | LVCMOS33             |       | 12       | SLOW |              |          |          |
| seg<6>                             | IOB              | OUTPUT    | LVCMOS33             |       | 12       | SLOW |              |          |          |
| seg<7>                             | IOB              | OUTPUT    | LVCMOS33             |       | 12       | SLOW |              |          |          |
| switch<0>                          | IOB              | INPUT     | LVCMOS33             |       |          |      |              |          |          |
| switch<1>                          | IOB              | INPUT     | LVCMOS33             |       |          |      |              |          |          |
| switch<2>                          | IOB              | INPUT     | LVCMOS33             |       |          |      |              |          |          |
| switch<3>                          | IOB              | INPUT     | LVCMOS33             |       |          |      |              |          |          |
| switch<4>                          | IOB              | INPUT     | LVCMOS33             |       |          |      |              |          |          |
| switch<5>                          | IOB              | INPUT     | LVCMOS33             |       |          |      |              |          |          |
| switch<6>                          | IOB              | INPUT     | LVCMOS33             |       |          |      |              |          |          |
| switch<7>                          | IOB              | INPUT     | LVCMOS33             |       |          |      |              |          |          |
| vgaBlue<1>                         | IOB              | OUTPUT    | LVCMOS33             |       | 12       | SLOW |              |          |          |
| vgaBlue<2>                         | IOB              | OUTPUT    | LVCMOS33             |       | 12       | SLOW |              |          |          |
| vgaGreen<0>                        | IOB              | OUTPUT    | LVCMOS33             |       | 12       | SLOW |              |          |          |
| vgaGreen<1>                        | IOB              | OUTPUT    | LVCMOS33             |       | 12       | SLOW |              |          |          |
| vgaGreen<2>                        | IOB              | OUTPUT    | LVCMOS33             |       | 12       | SLOW |              |          |          |
| vgaRed<0>                          | IOB              | OUTPUT    | LVCMOS33             |       | 12       | SLOW |              |          |          |
| vgaRed<1>                          | IOB              | OUTPUT    | LVCMOS33             |       | 12       | SLOW |              |          |          |
| vgaRed<2>                          | IOB              | OUTPUT    | LVCMOS33             |       | 12       | SLOW |              |          |          |
| vsync                              | IOB              | OUTPUT    | LVCMOS33             |       | 12       | SLOW |              |          |          |
+---------------------------------------------------------------------------------------------------------------------------------------------------------+

Section 7 - RPMs
----------------

Section 8 - Guide Report
------------------------
Guide not run on this design.

Section 9 - Area Group and Partition Summary
--------------------------------------------

Partition Implementation Status
-------------------------------

  No Partitions were found in this design.

-------------------------------

Area Group Information
----------------------

  No area groups were found in this design.

----------------------

Section 10 - Timing Report
--------------------------
A logic-level (pre-route) timing report can be generated by using Xilinx static
timing analysis tools, Timing Analyzer (GUI) or TRCE (command line), with the
mapped NCD and PCF files. Please note that this timing report will be generated
using estimated delay information. For accurate numbers, please generate a
timing report with the post Place and Route NCD file.

For more information about the Timing Analyzer, consult the Xilinx Timing
Analyzer Reference Manual; for more information about TRCE, consult the Xilinx
Command Line Tools User Guide "TRACE" chapter.

Section 11 - Configuration String Details
-----------------------------------------
Use the "-detail" map option to print out Configuration Strings

Section 12 - Control Set Information
------------------------------------
Use the "-detail" map option to print out Control Set Information.

Section 13 - Utilization by Hierarchy
-------------------------------------
Use the "-detail" map option to print out the Utilization by Hierarchy section.
